<?xml version="1.0" encoding="UTF-8"?>
<!-- Generated by org.testng.reporters.JUnitReportReporter -->
<testsuite hostname="DESKTOP-MQT2582" failures="0" tests="1" name="demo.First" time="0.014" errors="0" timestamp="2024-01-05T16:19:57 IST" skipped="0">
  <testcase classname="demo.First" name="test" time="0.014"/>
</testsuite> <!-- demo.First -->
